<?xml version="1.0" encoding="UTF-8"?>
<testng-results skipped="0" failed="0" total="1" passed="1">
  <reporter-output>
  </reporter-output>
  <suite name="Suite" duration-ms="19838" started-at="2022-03-22T03:21:39Z" finished-at="2022-03-22T03:21:59Z">
    <groups>
    </groups>
    <test name="Test" duration-ms="19838" started-at="2022-03-22T03:21:39Z" finished-at="2022-03-22T03:21:59Z">
      <class name="MavenTestDemo.mavetest.MavenTest">
        <test-method status="PASS" signature="keyBoardAction()[pri:0, instance:MavenTestDemo.mavetest.MavenTest@5d624da6]" name="keyBoardAction" duration-ms="19814" started-at="2022-03-22T08:51:39Z" finished-at="2022-03-22T08:51:59Z">
          <reporter-output>
          </reporter-output>
        </test-method> <!-- keyBoardAction -->
      </class> <!-- MavenTestDemo.mavetest.MavenTest -->
    </test> <!-- Test -->
  </suite> <!-- Suite -->
</testng-results>
