<?xml version="1.0" encoding="UTF-8"?>
<testng-results skipped="0" failed="0" total="1" passed="1">
  <reporter-output>
  </reporter-output>
  <suite name="Suite" duration-ms="13960" started-at="2022-03-21T17:46:36Z" finished-at="2022-03-21T17:46:50Z">
    <groups>
    </groups>
    <test name="Test" duration-ms="13960" started-at="2022-03-21T17:46:36Z" finished-at="2022-03-21T17:46:50Z">
      <class name="MavenTest.MavenTest.MavenJenkinTest">
        <test-method status="PASS" signature="keyBoardAction()[pri:0, instance:MavenTest.MavenTest.MavenJenkinTest@5d624da6]" name="keyBoardAction" duration-ms="13937" started-at="2022-03-21T23:16:36Z" finished-at="2022-03-21T23:16:50Z">
          <reporter-output>
          </reporter-output>
        </test-method> <!-- keyBoardAction -->
      </class> <!-- MavenTest.MavenTest.MavenJenkinTest -->
    </test> <!-- Test -->
  </suite> <!-- Suite -->
</testng-results>
