<?xml version="1.0" encoding="UTF-8"?>
<testng-results skipped="0" failed="0" total="1" passed="1">
  <reporter-output>
  </reporter-output>
  <suite name="Suite" duration-ms="14054" started-at="2022-03-21T17:43:39Z" finished-at="2022-03-21T17:43:53Z">
    <groups>
    </groups>
    <test name="Test" duration-ms="14054" started-at="2022-03-21T17:43:39Z" finished-at="2022-03-21T17:43:53Z">
      <class name="MavenTest.MavenTest.MavenJenkinTest">
        <test-method status="PASS" signature="keyBoardAction()[pri:0, instance:MavenTest.MavenTest.MavenJenkinTest@6d8a00e3]" name="keyBoardAction" duration-ms="14032" started-at="2022-03-21T23:13:39Z" finished-at="2022-03-21T23:13:53Z">
          <reporter-output>
          </reporter-output>
        </test-method> <!-- keyBoardAction -->
      </class> <!-- MavenTest.MavenTest.MavenJenkinTest -->
    </test> <!-- Test -->
  </suite> <!-- Suite -->
</testng-results>
